\BOOKMARK [1][-]{section.1}{Vector calculus identities}{}% 1
\BOOKMARK [2][-]{subsection.1.1}{Gradient}{section.1}% 2
\BOOKMARK [2][-]{subsection.1.2}{Divergence}{section.1}% 3
\BOOKMARK [2][-]{subsection.1.3}{Curl}{section.1}% 4
\BOOKMARK [2][-]{subsection.1.4}{Laplacian}{section.1}% 5
\BOOKMARK [2][-]{subsection.1.5}{Gaussian/Divergence Theorem}{section.1}% 6
\BOOKMARK [1][-]{section.2}{Fundamental matrix properties}{}% 7
\BOOKMARK [2][-]{subsection.2.1}{Conjugate/Hermitian transpose}{section.2}% 8
\BOOKMARK [2][-]{subsection.2.2}{Orthogonal matrix and unitary matrix}{section.2}% 9
\BOOKMARK [2][-]{subsection.2.3}{Matrix trace}{section.2}% 10
\BOOKMARK [2][-]{subsection.2.4}{Symmetric matrix}{section.2}% 11
\BOOKMARK [3][-]{subsubsection.2.4.1}{Positive-definite symmetric matrix}{subsection.2.4}% 12
\BOOKMARK [3][-]{subsubsection.2.4.2}{Skew-symmetric matrix}{subsection.2.4}% 13
\BOOKMARK [2][-]{subsection.2.5}{Matrix decomposition}{section.2}% 14
\BOOKMARK [3][-]{subsubsection.2.5.1}{QR and RQ decomposition}{subsection.2.5}% 15
\BOOKMARK [3][-]{subsubsection.2.5.2}{Singular value decomposition \(SVD\)}{subsection.2.5}% 16
\BOOKMARK [3][-]{subsubsection.2.5.3}{Eigenvalue decomposition}{subsection.2.5}% 17
\BOOKMARK [3][-]{subsubsection.2.5.4}{Cholesky decomposition}{subsection.2.5}% 18
\BOOKMARK [1][-]{section.3}{Rotation matrix}{}% 19
\BOOKMARK [2][-]{subsection.3.1}{Conversion between different forms of a rotation}{section.3}% 20
\BOOKMARK [3][-]{subsubsection.3.1.1}{From rotation matrix to angle and axis}{subsection.3.1}% 21
\BOOKMARK [3][-]{subsubsection.3.1.2}{From rotation angle and axis to rotation matrix}{subsection.3.1}% 22
\BOOKMARK [2][-]{subsection.3.2}{Quaternion and spatial rotation}{section.3}% 23
\BOOKMARK [3][-]{subsubsection.3.2.1}{Definition}{subsection.3.2}% 24
\BOOKMARK [3][-]{subsubsection.3.2.2}{Features and properties}{subsection.3.2}% 25
\BOOKMARK [3][-]{subsubsection.3.2.3}{Comparison between quaternion and common rotation matrix}{subsection.3.2}% 26
\BOOKMARK [2][-]{subsection.3.3}{Skew-symmetric matrix and rotation}{section.3}% 27
\BOOKMARK [3][-]{subsubsection.3.3.1}{Eigenvalue decomposition}{subsection.3.3}% 28
\BOOKMARK [3][-]{subsubsection.3.3.2}{3-vector's skew-symmetric form}{subsection.3.3}% 29
\BOOKMARK [3][-]{subsubsection.3.3.3}{Relationship between skew-symmetric matrix and rotation}{subsection.3.3}% 30
\BOOKMARK [3][-]{subsubsection.3.3.4}{Geometric interpretation of 3-by-3 skew-symmetric rotation}{subsection.3.3}% 31
\BOOKMARK [3][-]{subsubsection.3.3.5}{Specific form of skew-symmetric rotation}{subsection.3.3}% 32
\BOOKMARK [1][-]{section.4}{Linear Least-squares minimization}{}% 33
\BOOKMARK [1][-]{section.5}{Non-linear minimization: iterative estimation}{}% 34
\BOOKMARK [2][-]{subsection.5.1}{Newton iteration}{section.5}% 35
\BOOKMARK [2][-]{subsection.5.2}{Weighted iteration}{section.5}% 36
\BOOKMARK [2][-]{subsection.5.3}{Gauss-Newton method}{section.5}% 37
\BOOKMARK [2][-]{subsection.5.4}{Gradient descent method}{section.5}% 38
\BOOKMARK [2][-]{subsection.5.5}{Levenberg-Marquardt method}{section.5}% 39
\BOOKMARK [1][-]{section.6}{2D projective geometry and transformation}{}% 40
\BOOKMARK [2][-]{subsection.6.1}{Line and point}{section.6}% 41
\BOOKMARK [3][-]{subsubsection.6.1.1}{Definition and properties}{subsection.6.1}% 42
\BOOKMARK [3][-]{subsubsection.6.1.2}{Intersection}{subsection.6.1}% 43
\BOOKMARK [3][-]{subsubsection.6.1.3}{Points at infinity and line at infinity}{subsection.6.1}% 44
\BOOKMARK [2][-]{subsection.6.2}{Projective transformations}{section.6}% 45
\BOOKMARK [3][-]{subsubsection.6.2.1}{Projective transformation between planes}{subsection.6.2}% 46
\BOOKMARK [2][-]{subsection.6.3}{Conics}{section.6}% 47
\BOOKMARK [3][-]{subsubsection.6.3.1}{Duality and dual conics}{subsection.6.3}% 48
\BOOKMARK [3][-]{subsubsection.6.3.2}{Transformed conic}{subsection.6.3}% 49
\BOOKMARK [3][-]{subsubsection.6.3.3}{The pole-polar relationship}{subsection.6.3}% 50
\BOOKMARK [2][-]{subsection.6.4}{A hierarchy of projective transformations}{section.6}% 51
\BOOKMARK [3][-]{subsubsection.6.4.1}{Isometries}{subsection.6.4}% 52
\BOOKMARK [3][-]{subsubsection.6.4.2}{Similarity transformations}{subsection.6.4}% 53
\BOOKMARK [3][-]{subsubsection.6.4.3}{Affine transformations}{subsection.6.4}% 54
\BOOKMARK [3][-]{subsubsection.6.4.4}{Projective transformations}{subsection.6.4}% 55
\BOOKMARK [2][-]{subsection.6.5}{Remove projective distortion from a perspective image of a global plane}{section.6}% 56
\BOOKMARK [3][-]{subsubsection.6.5.1}{Remove entire projective distortion}{subsection.6.5}% 57
\BOOKMARK [3][-]{subsubsection.6.5.2}{Affine rectification}{subsection.6.5}% 58
\BOOKMARK [3][-]{subsubsection.6.5.3}{Metric rectification}{subsection.6.5}% 59
\BOOKMARK [1][-]{section.7}{3D projective geometry and transformation}{}% 60
\BOOKMARK [2][-]{subsection.7.1}{3D Points and planes}{section.7}% 61
\BOOKMARK [2][-]{subsection.7.2}{Quadrics}{section.7}% 62
\BOOKMARK [2][-]{subsection.7.3}{The hierarchy of 3D Projective transformation}{section.7}% 63
\BOOKMARK [2][-]{subsection.7.4}{Remove 3D projective distortions}{section.7}% 64
\BOOKMARK [3][-]{subsubsection.7.4.1}{Plane at infinity}{subsection.7.4}% 65
\BOOKMARK [3][-]{subsubsection.7.4.2}{Absolute conic}{subsection.7.4}% 66
\BOOKMARK [3][-]{subsubsection.7.4.3}{Absolute dual conic}{subsection.7.4}% 67
\BOOKMARK [1][-]{section.8}{References}{}% 68
